<?xml version="1.0" encoding="UTF-8"?>
<testsuite name="com.kodilla.testing2.crudapp.CrudAppTestSuite" tests="1" skipped="0" failures="0" errors="0" timestamp="2020-07-18T12:39:47" hostname="LAPTOP-3FT0L48Q" time="26.866">
  <properties/>
  <testcase name="shouldCreateTrelloCard" classname="com.kodilla.testing2.crudapp.CrudAppTestSuite" time="26.866"/>
  <system-out><![CDATA[]]></system-out>
  <system-err><![CDATA[1595075987946	mozrunner::runner	INFO	Running command: "C:\\Program Files\\Mozilla Firefox\\firefox.exe" "-marionette" "-foreground" "-no-remote" "-profile" "C:\\Users\\jakub\\AppData\\Local\\Temp\\rust_mozprofilepx75dJ"
JavaScript error: resource://gre/modules/XULStore.jsm, line 66: Error: Can't find profile directory.
1595075989997	Marionette	INFO	Listening on port 51778
1595075990059	Marionette	WARN	TLS certificate errors will be ignored for this session
lip 18, 2020 2:39:50 PM org.openqa.selenium.remote.ProtocolHandshake createSession
INFO: Detected dialect: W3C
1595076013317	Marionette	INFO	Stopped listening on port 51778

###!!! [Child][RunMessage] Error: Channel closing: too late to send/recv, messages will be lost


###!!! [Child][MessageChannel::SendAndWait] Error: Channel error: cannot send/recv

]]></system-err>
</testsuite>
